# JRE version: OpenJDK Runtime Environment Corretto-11.0.14.9.1 (11.0.14+9) (build 11.0.14+9-LTS)
# Java VM: OpenJDK 64-Bit Server VM Corretto-11.0.14.9.1 (11.0.14+9-LTS, mixed mode, tiered, compressed oops, g1 gc, windows-amd64)
Heap:
 garbage-first heap   total 290816K, used 41065K [0x0000000741c00000, 0x0000000800000000)
  region size 1024K, 17 young (17408K), 17 survivors (17408K)
 Metaspace       used 39825K, capacity 41216K, committed 41344K, reserved 1085440K
  class space    used 4612K, capacity 5158K, committed 5248K, reserved 1048576K
GC Heap History (17 events):
Event: 0.899 GC heap before
{Heap before GC invocations=0 (full 0):
 garbage-first heap   total 196608K, used 26624K [0x0000000741c00000, 0x0000000800000000)
  region size 1024K, 24 young (24576K), 0 survivors (0K)
 Metaspace       used 13231K, capacity 13647K, committed 13824K, reserved 1060864K
  class space    used 1321K, capacity 1441K, committed 1536K, reserved 1048576K
}
Event: 0.904 GC heap after
{Heap after GC invocations=1 (full 0):
 garbage-first heap   total 196608K, used 9269K [0x0000000741c00000, 0x0000000800000000)
  region size 1024K, 3 young (3072K), 3 survivors (3072K)
 Metaspace       used 13231K, capacity 13647K, committed 13824K, reserved 1060864K
  class space    used 1321K, capacity 1441K, committed 1536K, reserved 1048576K
}
Event: 1.037 GC heap before
{Heap before GC invocations=1 (full 0):
 garbage-first heap   total 196608K, used 25653K [0x0000000741c00000, 0x0000000800000000)
  region size 1024K, 19 young (19456K), 3 survivors (3072K)
 Metaspace       used 14349K, capacity 14649K, committed 14976K, reserved 1062912K
  class space    used 1439K, capacity 1541K, committed 1664K, reserved 1048576K
}
Event: 1.053 GC heap after
{Heap after GC invocations=2 (full 0):
 garbage-first heap   total 196608K, used 10218K [0x0000000741c00000, 0x0000000800000000)
  region size 1024K, 2 young (2048K), 2 survivors (2048K)
 Metaspace       used 14349K, capacity 14649K, committed 14976K, reserved 1062912K
  class space    used 1439K, capacity 1541K, committed 1664K, reserved 1048576K
}
Event: 1.515 GC heap before
{Heap before GC invocations=2 (full 0):
 garbage-first heap   total 196608K, used 52202K [0x0000000741c00000, 0x0000000800000000)
  region size 1024K, 42 young (43008K), 2 survivors (2048K)
 Metaspace       used 16527K, capacity 16970K, committed 17024K, reserved 1064960K
  class space    used 1712K, capacity 1872K, committed 1920K, reserved 1048576K
}
Event: 1.529 GC heap after
{Heap after GC invocations=3 (full 0):
 garbage-first heap   total 196608K, used 11886K [0x0000000741c00000, 0x0000000800000000)
  region size 1024K, 3 young (3072K), 3 survivors (3072K)
 Metaspace       used 16527K, capacity 16970K, committed 17024K, reserved 1064960K
  class space    used 1712K, capacity 1872K, committed 1920K, reserved 1048576K
}
Event: 2.280 GC heap before
{Heap before GC invocations=3 (full 0):
 garbage-first heap   total 196608K, used 77422K [0x0000000741c00000, 0x0000000800000000)
  region size 1024K, 68 young (69632K), 3 survivors (3072K)
 Metaspace       used 20546K, capacity 21240K, committed 21296K, reserved 1069056K
  class space    used 2259K, capacity 2537K, committed 2560K, reserved 1048576K
}
Event: 2.286 GC heap after
{Heap after GC invocations=4 (full 0):
 garbage-first heap   total 196608K, used 14798K [0x0000000741c00000, 0x0000000800000000)
  region size 1024K, 6 young (6144K), 6 survivors (6144K)
 Metaspace       used 20546K, capacity 21240K, committed 21296K, reserved 1069056K
  class space    used 2259K, capacity 2537K, committed 2560K, reserved 1048576K
}
Event: 2.671 GC heap before
{Heap before GC invocations=5 (full 0):
 garbage-first heap   total 196608K, used 101838K [0x0000000741c00000, 0x0000000800000000)
  region size 1024K, 92 young (94208K), 6 survivors (6144K)
 Metaspace       used 24164K, capacity 25023K, committed 25088K, reserved 1071104K
  class space    used 2685K, capacity 3014K, committed 3072K, reserved 1048576K
}
Event: 2.682 GC heap after
{Heap after GC invocations=6 (full 0):
 garbage-first heap   total 241664K, used 19368K [0x0000000741c00000, 0x0000000800000000)
  region size 1024K, 10 young (10240K), 10 survivors (10240K)
 Metaspace       used 24164K, capacity 25023K, committed 25088K, reserved 1071104K
  class space    used 2685K, capacity 3014K, committed 3072K, reserved 1048576K
}
Event: 3.517 GC heap before
{Heap before GC invocations=6 (full 0):
 garbage-first heap   total 241664K, used 138152K [0x0000000741c00000, 0x0000000800000000)
  region size 1024K, 126 young (129024K), 10 survivors (10240K)
 Metaspace       used 28122K, capacity 29136K, committed 29440K, reserved 1075200K
  class space    used 3144K, capacity 3532K, committed 3584K, reserved 1048576K
}
Event: 3.526 GC heap after
{Heap after GC invocations=7 (full 0):
 garbage-first heap   total 241664K, used 24900K [0x0000000741c00000, 0x0000000800000000)
  region size 1024K, 13 young (13312K), 13 survivors (13312K)
 Metaspace       used 28122K, capacity 29136K, committed 29440K, reserved 1075200K
  class space    used 3144K, capacity 3532K, committed 3584K, reserved 1048576K
}
Event: 4.758 GC heap before
{Heap before GC invocations=7 (full 0):
 garbage-first heap   total 241664K, used 155972K [0x0000000741c00000, 0x0000000800000000)
  region size 1024K, 141 young (144384K), 13 survivors (13312K)
 Metaspace       used 32246K, capacity 33383K, committed 33664K, reserved 1079296K
  class space    used 3689K, capacity 4113K, committed 4224K, reserved 1048576K
}
Event: 4.769 GC heap after
{Heap after GC invocations=8 (full 0):
 garbage-first heap   total 241664K, used 29966K [0x0000000741c00000, 0x0000000800000000)
  region size 1024K, 11 young (11264K), 11 survivors (11264K)
 Metaspace       used 32246K, capacity 33383K, committed 33664K, reserved 1079296K
  class space    used 3689K, capacity 4113K, committed 4224K, reserved 1048576K
}
Event: 5.255 GC heap before
{Heap before GC invocations=8 (full 0):
 garbage-first heap   total 241664K, used 87310K [0x0000000741c00000, 0x0000000800000000)
  region size 1024K, 68 young (69632K), 11 survivors (11264K)
 Metaspace       used 34483K, capacity 35665K, committed 35840K, reserved 1081344K
  class space    used 4024K, capacity 4482K, committed 4608K, reserved 1048576K
}
Event: 5.264 GC heap after
{Heap after GC invocations=9 (full 0):
 garbage-first heap   total 241664K, used 33333K [0x0000000741c00000, 0x0000000800000000)
  region size 1024K, 9 young (9216K), 9 survivors (9216K)
 Metaspace       used 34483K, capacity 35665K, committed 35840K, reserved 1081344K
  class space    used 4024K, capacity 4482K, committed 4608K, reserved 1048576K
}
Event: 6.260 GC heap before
{Heap before GC invocations=10 (full 0):
 garbage-first heap   total 241664K, used 181813K [0x0000000741c00000, 0x0000000800000000)
  region size 1024K, 141 young (144384K), 9 survivors (9216K)
 Metaspace       used 39825K, capacity 41216K, committed 41344K, reserved 1085440K
  class space    used 4612K, capacity 5158K, committed 5248K, reserved 1048576K
}

